Arguments: 
  /usr/bin/node /mnt/c/Users/Evan/AppData/Roaming/npm/node_modules/yarn/bin/yarn.js start

PATH: 
  /home/evang522/bin:/home/evang522/.local/bin:/usr/local/sbin:/usr/local/bin:/usr/sbin:/usr/bin:/sbin:/bin:/usr/games:/usr/local/games:/mnt/c/ProgramData/Oracle/Java/javapath_target_1077359:/mnt/c/Program Files (x86)/Intel/iCLS Client:/mnt/c/Program Files/Intel/iCLS Client:/mnt/c/Windows/System32:/mnt/c/Windows:/mnt/c/Windows/System32/wbem:/mnt/c/Windows/System32/WindowsPowerShell/v1.0:/mnt/c/Program Files (x86)/NVIDIA Corporation/PhysX/Common:/mnt/c/Program Files (x86)/Intel/Intel(R) Management Engine Components/DAL:/mnt/c/Program Files/Intel/Intel(R) Management Engine Components/DAL:/mnt/c/Program Files (x86)/Intel/Intel(R) Management Engine Components/IPT:/mnt/c/Program Files/Intel/Intel(R) Management Engine Components/IPT:/mnt/c/Windows/System32:/mnt/c/Windows:/mnt/c/Windows/System32/wbem:/mnt/c/Windows/System32/WindowsPowerShell/v1.0:/mnt/c/Program Files/nodejs:/mnt/c/Program Files/Intel/WiFi/bin:/mnt/c/Program Files/Common Files/Intel/WirelessCommon:/mnt/c/Program Files/PuTTY:/mnt/c/Program Files/Git/cmd:/mnt/c/Program Files/Git/mingw64/bin:/mnt/c/Program Files/Git/usr/bin:/mnt/c/ProgramData/chocolatey/bin:/mnt/c/Ruby24-x64/bin:/mnt/c/Users/Evan/AppData/Local/Microsoft/WindowsApps:/mnt/c/Program Files/Microsoft VS Code/bin:/mnt/c/Users/Evan/AppData/Roaming/npm:/mnt/c/Program Files/Intel/WiFi/bin:/mnt/c/Program Files/Common Files/Intel/WirelessCommon:/mnt/c/Program Files (x86)/Vim/vim72:/mnt/c/Program Files/MongoDB/Server/3.4/bin:/mnt/c/Program Files/Git:/mnt/c/Program Files/Heroku/bin:/mnt/c/Program Files/PostgreSQL/10/bin:/mnt/c/Program Files/cmder:/mnt/c/Users/Evan/AppData/Local/atom/bin:/snap/bin

Yarn version: 
  1.5.1

Node version: 
  8.10.0

Platform: 
  linux x64

npm manifest: 
  {
    "name": "chat-server",
    "version": "1.0.0",
    "description": "",
    "main": "app.js",
    "scripts": {
      "test": "echo \"Error: no test specified\" && exit 1",
      "start": "node app.js"
    },
    "author": "Evan Garrett",
    "license": "ISC",
    "dependencies": {
      "express": "^4.16.3",
      "mongoose": "^5.0.11",
      "morgan": "^1.9.0"
    }
  }

yarn manifest: 
  No manifest

Lockfile: 
  No lockfile

Trace: 
  Error: Command failed.
  Exit code: 1
  Command: sh
  Arguments: -c node app.js
  Directory: /mnt/d/Evan Garrett/Desktop/Side Projects/chatapp-server
  Output:
  
      at ProcessTermError.MessageError (/mnt/c/Users/Evan/AppData/Roaming/npm/node_modules/yarn/lib/cli.js:186:110)
      at new ProcessTermError (/mnt/c/Users/Evan/AppData/Roaming/npm/node_modules/yarn/lib/cli.js:226:113)
      at ChildProcess.<anonymous> (/mnt/c/Users/Evan/AppData/Roaming/npm/node_modules/yarn/lib/cli.js:30281:17)
      at emitTwo (events.js:126:13)
      at ChildProcess.emit (events.js:214:7)
      at maybeClose (internal/child_process.js:925:16)
      at Process.ChildProcess._handle.onexit (internal/child_process.js:209:5)
